::1 - - [28/Sep/2019:20:35:54 +0000] "POST /auth/login HTTP/1.1" - - "-" "PostmanRuntime/7.17.1"
::1 - - [28/Sep/2019:20:49:12 +0000] "POST /auth/login HTTP/1.1" - - "-" "PostmanRuntime/7.17.1"
::1 - - [28/Sep/2019:20:49:46 +0000] "POST /auth/login HTTP/1.1" - - "-" "PostmanRuntime/7.17.1"
::1 - - [28/Sep/2019:20:52:54 +0000] "POST /auth/login HTTP/1.1" - - "-" "PostmanRuntime/7.17.1"
::1 - - [28/Sep/2019:20:57:51 +0000] "POST /auth/login HTTP/1.1" - - "-" "PostmanRuntime/7.17.1"
::1 - - [28/Sep/2019:21:01:28 +0000] "POST /auth/login HTTP/1.1" - - "-" "PostmanRuntime/7.17.1"
::1 - - [28/Sep/2019:21:07:50 +0000] "POST /auth/login HTTP/1.1" - - "-" "PostmanRuntime/7.17.1"
::1 - - [28/Sep/2019:21:10:55 +0000] "POST /auth/login HTTP/1.1" - - "-" "PostmanRuntime/7.17.1"
::1 - - [28/Sep/2019:21:18:41 +0000] "POST /auth/login HTTP/1.1" - - "-" "PostmanRuntime/7.17.1"
::1 - - [28/Sep/2019:21:19:22 +0000] "POST /auth/login HTTP/1.1" 200 27 "-" "PostmanRuntime/7.17.1"
::1 - - [28/Sep/2019:21:22:57 +0000] "POST /auth/login HTTP/1.1" 400 29 "-" "PostmanRuntime/7.17.1"
::1 - - [28/Sep/2019:21:24:05 +0000] "POST /auth/login HTTP/1.1" 400 53 "-" "PostmanRuntime/7.17.1"
::1 - - [28/Sep/2019:21:26:27 +0000] "POST /auth/login HTTP/1.1" 400 50 "-" "PostmanRuntime/7.17.1"
::1 - - [28/Sep/2019:21:26:35 +0000] "POST /auth/login HTTP/1.1" 200 363 "-" "PostmanRuntime/7.17.1"
::1 - - [28/Sep/2019:21:31:57 +0000] "POST /auth/login HTTP/1.1" 200 256 "-" "PostmanRuntime/7.17.1"
::1 - - [28/Sep/2019:21:35:03 +0000] "POST /auth/login HTTP/1.1" 200 256 "-" "PostmanRuntime/7.17.1"
::1 - - [28/Sep/2019:21:35:06 +0000] "POST /auth/login HTTP/1.1" 200 256 "-" "PostmanRuntime/7.17.1"
::1 - - [28/Sep/2019:21:35:09 +0000] "POST /auth/login HTTP/1.1" 200 256 "-" "PostmanRuntime/7.17.1"
::1 - - [28/Sep/2019:21:37:55 +0000] "POST /auth/login HTTP/1.1" 200 265 "-" "PostmanRuntime/7.17.1"
::1 - - [28/Sep/2019:22:20:32 +0000] "POST /auth/login HTTP/1.1" 200 267 "-" "PostmanRuntime/7.17.1"
::1 - - [28/Sep/2019:22:20:45 +0000] "GET /auth/ HTTP/1.1" 500 2451 "-" "PostmanRuntime/7.17.1"
::1 - - [28/Sep/2019:22:21:37 +0000] "GET /auth/ HTTP/1.1" 200 7 "-" "PostmanRuntime/7.17.1"
::1 - - [28/Sep/2019:22:21:50 +0000] "GET /auth/ HTTP/1.1" 401 - "-" "PostmanRuntime/7.17.1"
::1 - - [30/Sep/2019:00:12:58 +0000] "POST /auth/login HTTP/1.1" 404 150 "-" "PostmanRuntime/7.17.1"
::1 - - [30/Sep/2019:00:14:11 +0000] "POST /auth/login HTTP/1.1" 404 150 "-" "PostmanRuntime/7.17.1"
::1 - - [30/Sep/2019:00:14:45 +0000] "POST /auth/login HTTP/1.1" 200 267 "-" "PostmanRuntime/7.17.1"
::1 - - [30/Sep/2019:00:15:04 +0000] "POST /auth/register HTTP/1.1" 400 34 "-" "PostmanRuntime/7.17.1"
::1 - - [30/Sep/2019:00:19:35 +0000] "POST /auth/register HTTP/1.1" 404 153 "-" "PostmanRuntime/7.17.1"
::1 - - [30/Sep/2019:00:20:26 +0000] "POST /api/auth/login HTTP/1.1" 404 154 "-" "PostmanRuntime/7.17.1"
::1 - - [30/Sep/2019:00:21:18 +0000] "POST /api/auth/login HTTP/1.1" 200 267 "-" "PostmanRuntime/7.17.1"
::1 - - [30/Sep/2019:00:21:38 +0000] "POST /api/auth/register HTTP/1.1" 400 34 "-" "PostmanRuntime/7.17.1"
::1 - - [30/Sep/2019:00:22:38 +0000] "POST /api/auth/register HTTP/1.1" 400 34 "-" "PostmanRuntime/7.17.1"
::1 - - [30/Sep/2019:00:22:44 +0000] "POST /api/auth/register HTTP/1.1" 400 34 "-" "PostmanRuntime/7.17.1"
::1 - - [30/Sep/2019:00:22:50 +0000] "POST /api/auth/login HTTP/1.1" 200 267 "-" "PostmanRuntime/7.17.1"
